Build started 12/21/2015 7:29:37 PM.
     1>Project "C:\Users\Alan\Desktop\game\game\game.vcxproj" on node 2 (Build target(s)).
     1>ClCompile:
         C:\Program Files (x86)\Microsoft Visual Studio 12.0\VC\bin\CL.exe /c /IC:\SDL2\include /IC:\SDL2_image\include /IC:\SDL2_mixer\include /IC:\glew\include /ZI /nologo /W3 /WX- /sdl /Od /Oy- /D _WINDOWS /D _MBCS /D _MBCS /Gm /EHsc /RTC1 /MDd /GS /fp:precise /Zc:wchar_t /Zc:forScope /Fo"Debug\\" /Fd"Debug\vc120.pdb" /Gd /TP /analyze- /errorReport:prompt DungeonGame.cpp
         DungeonGame.cpp
     1>c:\users\alan\desktop\game\game\dungeongame.cpp(381): warning C4244: '-=' : conversion from 'float' to 'GLuint', possible loss of data
       Link:
         C:\Program Files (x86)\Microsoft Visual Studio 12.0\VC\bin\link.exe /ERRORREPORT:PROMPT /OUT:"C:\Users\Alan\Desktop\game\Debug\game.exe" /INCREMENTAL /NOLOGO /LIBPATH:C:\SDL2\lib\x86 /LIBPATH:C:\SDL2_image\lib\x86 /LIBPATH:C:\SDL2_mixer\lib\x86 /LIBPATH:C:\glew\lib\Release\Win32 SDL2.lib SDL2main.lib SDL2_image.lib SDL2_mixer.lib glew32.lib OpenGL32.lib kernel32.lib user32.lib gdi32.lib winspool.lib comdlg32.lib advapi32.lib shell32.lib ole32.lib oleaut32.lib uuid.lib odbc32.lib odbccp32.lib /MANIFEST /MANIFESTUAC:"level='asInvoker' uiAccess='false'" /manifest:embed /DEBUG /PDB:"C:\Users\Alan\Desktop\game\Debug\game.pdb" /SUBSYSTEM:CONSOLE /TLBID:1 /DYNAMICBASE /NXCOMPAT /IMPLIB:"C:\Users\Alan\Desktop\game\Debug\game.lib" /MACHINE:X86 Debug\DungeonGame.obj
         Debug\Entity.obj
         Debug\Equipment.obj
         Debug\Items.obj
         Debug\main.obj
         Debug\Map.obj
         Debug\Matrix.obj
         Debug\Projectile.obj
         Debug\ShaderProgram.obj
         Debug\Spritesheet.obj
         game.vcxproj -> C:\Users\Alan\Desktop\game\Debug\game.exe
     1>Done Building Project "C:\Users\Alan\Desktop\game\game\game.vcxproj" (Build target(s)).

Build succeeded.

Time Elapsed 00:00:00.85
